build/outputs/logs/manifest-merger-debug-report.txt
-- Merging decision tree log ---
manifest
ADDED from src\main\AndroidManifest.xml:3:1-56:12
	package
		ADDED from src\main\AndroidManifest.xml:4:7-50
		INJECTED from src\main\AndroidManifest.xml
		INJECTED from src\main\AndroidManifest.xml
	android:versionName
		ADDED from src\main\AndroidManifest.xml:6:7-32
		INJECTED from src\main\AndroidManifest.xml
		INJECTED from src\main\AndroidManifest.xml
	android:versionCode
		ADDED from src\main\AndroidManifest.xml:5:7-30
		INJECTED from src\main\AndroidManifest.xml
		INJECTED from src\main\AndroidManifest.xml
	xmlns:android
		ADDED from src\main\AndroidManifest.xml:3:11-69
uses-sdk
ADDED from src\main\AndroidManifest.xml:7:5-43
	android:targetSdkVersion
		INJECTED from src\main\AndroidManifest.xml
		INJECTED from src\main\AndroidManifest.xml
	android:minSdkVersion
		ADDED from src\main\AndroidManifest.xml:7:15-40
		INJECTED from src\main\AndroidManifest.xml
		INJECTED from src\main\AndroidManifest.xml
uses-permission#android.permission.BLUETOOTH_ADMIN
ADDED from src\main\AndroidManifest.xml:8:5-74
	android:name
		ADDED from src\main\AndroidManifest.xml:8:22-71
uses-permission#android.permission.BLUETOOTH
ADDED from src\main\AndroidManifest.xml:9:5-68
	android:name
		ADDED from src\main\AndroidManifest.xml:9:22-65
uses-permission#android.permission.VIBRATE
ADDED from src\main\AndroidManifest.xml:10:5-65
	android:name
		ADDED from src\main\AndroidManifest.xml:10:22-63
application
ADDED from src\main\AndroidManifest.xml:12:5-55:19
	android:label
		ADDED from src\main\AndroidManifest.xml:12:18-50
	android:icon
		ADDED from src\main\AndroidManifest.xml:13:18-51
activity#com.example.android.BluetoothChat.Fau_Picture
ADDED from src\main\AndroidManifest.xml:15:9-22:20
	android:label
		ADDED from src\main\AndroidManifest.xml:16:19-51
	android:configChanges
		ADDED from src\main\AndroidManifest.xml:17:19-69
	android:name
		ADDED from src\main\AndroidManifest.xml:15:19-46
intent-filter#android.intent.action.MAIN+android.intent.category.LAUNCHER
ADDED from src\main\AndroidManifest.xml:18:13-21:29
action#android.intent.action.MAIN
ADDED from src\main\AndroidManifest.xml:19:17-69
	android:name
		ADDED from src\main\AndroidManifest.xml:19:25-66
category#android.intent.category.LAUNCHER
ADDED from src\main\AndroidManifest.xml:20:17-77
	android:name
		ADDED from src\main\AndroidManifest.xml:20:27-74
activity#com.example.android.BluetoothChat.BluetoothMain
ADDED from src\main\AndroidManifest.xml:24:9-31:20
	android:label
		ADDED from src\main\AndroidManifest.xml:25:19-51
	android:configChanges
		ADDED from src\main\AndroidManifest.xml:26:19-69
	android:name
		ADDED from src\main\AndroidManifest.xml:24:19-48
intent-filter#android.intent.category.DEFAULT+com.example.android.BluetoothChat.BLUETOOTHMAIN
ADDED from src\main\AndroidManifest.xml:27:13-30:29
action#com.example.android.BluetoothChat.BLUETOOTHMAIN
ADDED from src\main\AndroidManifest.xml:28:17-90
	android:name
		ADDED from src\main\AndroidManifest.xml:28:25-87
category#android.intent.category.DEFAULT
ADDED from src\main\AndroidManifest.xml:29:17-76
	android:name
		ADDED from src\main\AndroidManifest.xml:29:27-73
activity#com.example.android.BluetoothChat.DogRequest
ADDED from src\main\AndroidManifest.xml:33:9-40:20
	android:screenOrientation
		ADDED from src\main\AndroidManifest.xml:35:19-55
	android:label
		ADDED from src\main\AndroidManifest.xml:34:19-46
	android:name
		ADDED from src\main\AndroidManifest.xml:33:19-45
intent-filter#android.intent.category.DEFAULT+com.example.android.BluetoothChat.DOGREQUEST
ADDED from src\main\AndroidManifest.xml:36:13-39:29
action#com.example.android.BluetoothChat.DOGREQUEST
ADDED from src\main\AndroidManifest.xml:37:17-87
	android:name
		ADDED from src\main\AndroidManifest.xml:37:25-84
activity#com.example.android.BluetoothChat.DeviceListActivity
ADDED from src\main\AndroidManifest.xml:42:9-45:72
	android:label
		ADDED from src\main\AndroidManifest.xml:43:19-56
	android:configChanges
		ADDED from src\main\AndroidManifest.xml:45:19-69
	android:theme
		ADDED from src\main\AndroidManifest.xml:44:19-62
	android:name
		ADDED from src\main\AndroidManifest.xml:42:19-53
activity#com.example.android.BluetoothChat.AccessGranted
ADDED from src\main\AndroidManifest.xml:47:9-49:66
	android:label
		ADDED from src\main\AndroidManifest.xml:48:13-50
	android:configChanges
		ADDED from src\main\AndroidManifest.xml:49:13-63
	android:name
		ADDED from src\main\AndroidManifest.xml:47:19-48
activity#com.example.android.BluetoothChat.AccessDenied
ADDED from src\main\AndroidManifest.xml:51:9-53:66
	android:label
		ADDED from src\main\AndroidManifest.xml:52:13-50
	android:configChanges
		ADDED from src\main\AndroidManifest.xml:53:13-63
	android:name
		ADDED from src\main\AndroidManifest.xml:51:19-47